Сборка начата 04.04.2017 0:48:59.
     1>Проект "E:\УЧЁБА\2 К\2с\КГиГ\Лабы\L4_SunSystem\L4_SunSystem\L4_SunSystem.vcxproj" в узле 2 (целевые объекты Build).
     1>ClCompile:
         C:\Program Files (x86)\Microsoft Visual Studio 12.0\VC\bin\CL.exe /c /ZI /nologo /W3 /WX- /sdl /Od /Oy- /D WIN32 /D _DEBUG /D _WINDOWS /D _UNICODE /D UNICODE /D _AFXDLL /Gm /EHsc /RTC1 /MDd /GS /fp:precise /Zc:wchar_t /Zc:forScope /Fo"Debug\\" /Fd"Debug\vc120.pdb" /Gd /TP /analyze- /errorReport:prompt CSunSystem.cpp
         CSunSystem.cpp
         _WIN32_WINNT not defined. Defaulting to _WIN32_WINNT_MAXVER (see WinSDKVer.h)
     1>e:\учёба\2 к\2с\кгиг\лабы\l4_sunsystem\l4_sunsystem\csunsystem.cpp(54): warning C4244: инициализация: преобразование "double" в "int", возможна потеря данных
     1>e:\учёба\2 к\2с\кгиг\лабы\l4_sunsystem\l4_sunsystem\csunsystem.cpp(55): warning C4244: инициализация: преобразование "double" в "int", возможна потеря данных
     1>e:\учёба\2 к\2с\кгиг\лабы\l4_sunsystem\l4_sunsystem\csunsystem.cpp(56): warning C4244: инициализация: преобразование "double" в "int", возможна потеря данных
     1>e:\учёба\2 к\2с\кгиг\лабы\l4_sunsystem\l4_sunsystem\csunsystem.cpp(57): warning C4244: инициализация: преобразование "double" в "int", возможна потеря данных
     1>e:\учёба\2 к\2с\кгиг\лабы\l4_sunsystem\l4_sunsystem\csunsystem.cpp(108): warning C4244: аргумент: преобразование "double" в "int", возможна потеря данных
     1>e:\учёба\2 к\2с\кгиг\лабы\l4_sunsystem\l4_sunsystem\csunsystem.cpp(109): warning C4244: аргумент: преобразование "double" в "int", возможна потеря данных
     1>e:\учёба\2 к\2с\кгиг\лабы\l4_sunsystem\l4_sunsystem\csunsystem.cpp(110): warning C4244: аргумент: преобразование "double" в "int", возможна потеря данных
     1>e:\учёба\2 к\2с\кгиг\лабы\l4_sunsystem\l4_sunsystem\csunsystem.cpp(111): warning C4244: аргумент: преобразование "double" в "int", возможна потеря данных
     1>e:\учёба\2 к\2с\кгиг\лабы\l4_sunsystem\l4_sunsystem\csunsystem.cpp(113): warning C4244: аргумент: преобразование "double" в "int", возможна потеря данных
     1>e:\учёба\2 к\2с\кгиг\лабы\l4_sunsystem\l4_sunsystem\csunsystem.cpp(114): warning C4244: аргумент: преобразование "double" в "int", возможна потеря данных
     1>e:\учёба\2 к\2с\кгиг\лабы\l4_sunsystem\l4_sunsystem\csunsystem.cpp(115): warning C4244: аргумент: преобразование "double" в "int", возможна потеря данных
     1>e:\учёба\2 к\2с\кгиг\лабы\l4_sunsystem\l4_sunsystem\csunsystem.cpp(207): warning C4244: аргумент: преобразование "double" в "int", возможна потеря данных
     1>e:\учёба\2 к\2с\кгиг\лабы\l4_sunsystem\l4_sunsystem\csunsystem.cpp(218): warning C4244: аргумент: преобразование "double" в "int", возможна потеря данных
     1>e:\учёба\2 к\2с\кгиг\лабы\l4_sunsystem\l4_sunsystem\csunsystem.cpp(227): warning C4244: аргумент: преобразование "double" в "int", возможна потеря данных
     1>e:\учёба\2 к\2с\кгиг\лабы\l4_sunsystem\l4_sunsystem\csunsystem.cpp(236): warning C4244: аргумент: преобразование "double" в "int", возможна потеря данных
       Link:
         C:\Program Files (x86)\Microsoft Visual Studio 12.0\VC\bin\link.exe /ERRORREPORT:PROMPT /OUT:"E:\УЧЁБА\2 К\2с\КГиГ\Лабы\L4_SunSystem\Debug\L4_SunSystem.exe" /INCREMENTAL /NOLOGO /MANIFEST /MANIFESTUAC:"level='asInvoker' uiAccess='false'" /manifest:embed /manifestinput:"C:\Program Files (x86)\Microsoft Visual Studio 12.0\VC\Include\Manifest\dpiaware.manifest" /DEBUG /PDB:"E:\УЧЁБА\2 К\2с\КГиГ\Лабы\L4_SunSystem\Debug\L4_SunSystem.pdb" /SUBSYSTEM:WINDOWS /TLBID:1 /ENTRY:"wWinMainCRTStartup" /DYNAMICBASE /NXCOMPAT /IMPLIB:"E:\УЧЁБА\2 К\2с\КГиГ\Лабы\L4_SunSystem\Debug\L4_SunSystem.lib" /MACHINE:X86 Debug\CMatrix.obj
         Debug\CSunSystem.obj
         Debug\main.obj
         L4_SunSystem.vcxproj -> E:\УЧЁБА\2 К\2с\КГиГ\Лабы\L4_SunSystem\Debug\L4_SunSystem.exe
     1>Сборка проекта "E:\УЧЁБА\2 К\2с\КГиГ\Лабы\L4_SunSystem\L4_SunSystem\L4_SunSystem.vcxproj" завершена (целевые объекты Build).

Сборка успешно завершена.

Затраченное время: 00:00:10.56
